  [1m[35m (0.0ms)[0m  [1m[34mSELECT sqlite_version(*)[0m
  ↳ bin/rails:9
  [1m[35m (12.8ms)[0m  [1m[35mCREATE TABLE "schema_migrations" ("version" varchar NOT NULL PRIMARY KEY)[0m
  ↳ bin/rails:9
  [1m[35m (4.0ms)[0m  [1m[35mCREATE TABLE "ar_internal_metadata" ("key" varchar NOT NULL PRIMARY KEY, "value" varchar, "created_at" datetime NOT NULL, "updated_at" datetime NOT NULL)[0m
  ↳ bin/rails:9
  [1m[35m (0.1ms)[0m  [1m[34mSELECT "schema_migrations"."version" FROM "schema_migrations" ORDER BY "schema_migrations"."version" ASC[0m
  ↳ bin/rails:9
Migrating to CreateDepartments (20190916172152)
  [1m[35m (0.1ms)[0m  [1m[36mbegin transaction[0m
  ↳ bin/rails:9
  [1m[35m (0.4ms)[0m  [1m[35mCREATE TABLE "departments" ("id" integer PRIMARY KEY AUTOINCREMENT NOT NULL, "name" varchar, "created_at" datetime NOT NULL, "updated_at" datetime NOT NULL)[0m
  ↳ db/migrate/20190916172152_create_departments.rb:3
  [1m[36mActiveRecord::SchemaMigration Create (0.1ms)[0m  [1m[32mINSERT INTO "schema_migrations" ("version") VALUES (?)[0m  [["version", "20190916172152"]]
  ↳ bin/rails:9
  [1m[35m (3.2ms)[0m  [1m[36mcommit transaction[0m
  ↳ bin/rails:9
Migrating to CreateSections (20190916172431)
  [1m[35m (0.0ms)[0m  [1m[36mbegin transaction[0m
  ↳ bin/rails:9
  [1m[35m (0.4ms)[0m  [1m[35mCREATE TABLE "sections" ("id" integer PRIMARY KEY AUTOINCREMENT NOT NULL, "name" varchar, "created_at" datetime NOT NULL, "updated_at" datetime NOT NULL)[0m
  ↳ db/migrate/20190916172431_create_sections.rb:3
  [1m[36mActiveRecord::SchemaMigration Create (0.1ms)[0m  [1m[32mINSERT INTO "schema_migrations" ("version") VALUES (?)[0m  [["version", "20190916172431"]]
  ↳ bin/rails:9
  [1m[35m (10.4ms)[0m  [1m[36mcommit transaction[0m
  ↳ bin/rails:9
Migrating to AddDepartmentToSection (20190916172534)
  [1m[35m (0.1ms)[0m  [1m[36mbegin transaction[0m
  ↳ bin/rails:9
  [1m[35m (0.2ms)[0m  [1m[35mALTER TABLE "sections" ADD "department_id" integer[0m
  ↳ db/migrate/20190916172534_add_department_to_section.rb:3
  [1m[36mActiveRecord::SchemaMigration Create (0.1ms)[0m  [1m[32mINSERT INTO "schema_migrations" ("version") VALUES (?)[0m  [["version", "20190916172534"]]
  ↳ bin/rails:9
  [1m[35m (5.4ms)[0m  [1m[36mcommit transaction[0m
  ↳ bin/rails:9
Migrating to CreateStudents (20190916173457)
  [1m[35m (0.1ms)[0m  [1m[36mbegin transaction[0m
  ↳ bin/rails:9
  [1m[35m (0.5ms)[0m  [1m[35mCREATE TABLE "students" ("id" integer PRIMARY KEY AUTOINCREMENT NOT NULL, "roll_no" integer, "name" varchar, "email" varchar, "created_at" datetime NOT NULL, "updated_at" datetime NOT NULL)[0m
  ↳ db/migrate/20190916173457_create_students.rb:3
  [1m[36mActiveRecord::SchemaMigration Create (0.1ms)[0m  [1m[32mINSERT INTO "schema_migrations" ("version") VALUES (?)[0m  [["version", "20190916173457"]]
  ↳ bin/rails:9
  [1m[35m (2.4ms)[0m  [1m[36mcommit transaction[0m
  ↳ bin/rails:9
Migrating to AddDepartmentToStudent (20190916173603)
  [1m[35m (0.0ms)[0m  [1m[36mbegin transaction[0m
  ↳ bin/rails:9
  [1m[35m (0.3ms)[0m  [1m[35mALTER TABLE "students" ADD "department_id" integer[0m
  ↳ db/migrate/20190916173603_add_department_to_student.rb:3
  [1m[36mActiveRecord::SchemaMigration Create (0.1ms)[0m  [1m[32mINSERT INTO "schema_migrations" ("version") VALUES (?)[0m  [["version", "20190916173603"]]
  ↳ bin/rails:9
  [1m[35m (2.7ms)[0m  [1m[36mcommit transaction[0m
  ↳ bin/rails:9
Migrating to AddSectionToStudent (20190916173815)
  [1m[35m (0.1ms)[0m  [1m[36mbegin transaction[0m
  ↳ bin/rails:9
  [1m[35m (0.4ms)[0m  [1m[35mALTER TABLE "students" ADD "section_id" integer[0m
  ↳ db/migrate/20190916173815_add_section_to_student.rb:3
  [1m[36mActiveRecord::SchemaMigration Create (0.1ms)[0m  [1m[32mINSERT INTO "schema_migrations" ("version") VALUES (?)[0m  [["version", "20190916173815"]]
  ↳ bin/rails:9
  [1m[35m (3.7ms)[0m  [1m[36mcommit transaction[0m
  ↳ bin/rails:9
Migrating to RemoveRollNoFromStudents (20191009081224)
  [1m[35m (3.6ms)[0m  [1m[36mbegin transaction[0m
  ↳ bin/rails:9
  [1m[35m (0.1ms)[0m  [1m[35mCREATE TEMPORARY TABLE "astudents" ("id" integer NOT NULL PRIMARY KEY, "roll_no" integer DEFAULT NULL, "name" varchar DEFAULT NULL, "email" varchar DEFAULT NULL, "created_at" datetime NOT NULL, "updated_at" datetime NOT NULL, "department_id" integer DEFAULT NULL, "section_id" integer DEFAULT NULL)[0m
  ↳ db/migrate/20191009081224_remove_roll_no_from_students.rb:3
  [1m[35m (0.0ms)[0m  [1m[32mINSERT INTO "astudents" ("id","roll_no","name","email","created_at","updated_at","department_id","section_id")
                     SELECT "id","roll_no","name","email","created_at","updated_at","department_id","section_id" FROM "students"[0m
  ↳ db/migrate/20191009081224_remove_roll_no_from_students.rb:3
  [1m[35m (2.0ms)[0m  [1m[35mDROP TABLE "students"[0m
  ↳ db/migrate/20191009081224_remove_roll_no_from_students.rb:3
  [1m[35m (0.1ms)[0m  [1m[35mCREATE TABLE "students" ("id" integer NOT NULL PRIMARY KEY, "name" varchar DEFAULT NULL, "email" varchar DEFAULT NULL, "created_at" datetime NOT NULL, "updated_at" datetime NOT NULL, "department_id" integer DEFAULT NULL, "section_id" integer DEFAULT NULL)[0m
  ↳ db/migrate/20191009081224_remove_roll_no_from_students.rb:3
  [1m[35m (0.0ms)[0m  [1m[32mINSERT INTO "students" ("id","name","email","created_at","updated_at","department_id","section_id")
                     SELECT "id","name","email","created_at","updated_at","department_id","section_id" FROM "astudents"[0m
  ↳ db/migrate/20191009081224_remove_roll_no_from_students.rb:3
  [1m[35m (0.7ms)[0m  [1m[35mDROP TABLE "astudents"[0m
  ↳ db/migrate/20191009081224_remove_roll_no_from_students.rb:3
  [1m[36mActiveRecord::SchemaMigration Create (0.2ms)[0m  [1m[32mINSERT INTO "schema_migrations" ("version") VALUES (?)[0m  [["version", "20191009081224"]]
  ↳ bin/rails:9
  [1m[35m (3.6ms)[0m  [1m[36mcommit transaction[0m
  ↳ bin/rails:9
Migrating to AddRollNoToStudents (20191009081434)
  [1m[35m (0.1ms)[0m  [1m[36mbegin transaction[0m
  ↳ bin/rails:9
  [1m[35m (0.6ms)[0m  [1m[35mALTER TABLE "students" ADD "roll_no" varchar[0m
  ↳ db/migrate/20191009081434_add_roll_no_to_students.rb:3
  [1m[36mActiveRecord::SchemaMigration Create (0.1ms)[0m  [1m[32mINSERT INTO "schema_migrations" ("version") VALUES (?)[0m  [["version", "20191009081434"]]
  ↳ bin/rails:9
  [1m[35m (4.0ms)[0m  [1m[36mcommit transaction[0m
  ↳ bin/rails:9
Migrating to DeviseCreateUsers (20191011141557)
  [1m[35m (0.0ms)[0m  [1m[36mbegin transaction[0m
  ↳ bin/rails:9
  [1m[35m (0.4ms)[0m  [1m[35mCREATE TABLE "users" ("id" integer PRIMARY KEY AUTOINCREMENT NOT NULL, "email" varchar DEFAULT '' NOT NULL, "encrypted_password" varchar DEFAULT '' NOT NULL, "reset_password_token" varchar, "reset_password_sent_at" datetime, "remember_created_at" datetime, "created_at" datetime NOT NULL, "updated_at" datetime NOT NULL)[0m
  ↳ db/migrate/20191011141557_devise_create_users.rb:5
  [1m[35m (0.1ms)[0m  [1m[35mCREATE UNIQUE INDEX "index_users_on_email" ON "users" ("email")[0m
  ↳ db/migrate/20191011141557_devise_create_users.rb:39
  [1m[35m (0.1ms)[0m  [1m[35mCREATE UNIQUE INDEX "index_users_on_reset_password_token" ON "users" ("reset_password_token")[0m
  ↳ db/migrate/20191011141557_devise_create_users.rb:40
  [1m[36mActiveRecord::SchemaMigration Create (0.1ms)[0m  [1m[32mINSERT INTO "schema_migrations" ("version") VALUES (?)[0m  [["version", "20191011141557"]]
  ↳ bin/rails:9
  [1m[35m (9.3ms)[0m  [1m[36mcommit transaction[0m
  ↳ bin/rails:9
Migrating to AddAdminToUsers (20191011151513)
  [1m[35m (0.1ms)[0m  [1m[36mbegin transaction[0m
  ↳ bin/rails:9
  [1m[35m (0.8ms)[0m  [1m[35mALTER TABLE "users" ADD "admin" boolean DEFAULT 0[0m
  ↳ db/migrate/20191011151513_add_admin_to_users.rb:3
  [1m[36mActiveRecord::SchemaMigration Create (0.1ms)[0m  [1m[32mINSERT INTO "schema_migrations" ("version") VALUES (?)[0m  [["version", "20191011151513"]]
  ↳ bin/rails:9
  [1m[35m (2.8ms)[0m  [1m[36mcommit transaction[0m
  ↳ bin/rails:9
  [1m[36mActiveRecord::InternalMetadata Load (0.2ms)[0m  [1m[34mSELECT  "ar_internal_metadata".* FROM "ar_internal_metadata" WHERE "ar_internal_metadata"."key" = ? LIMIT ?[0m  [["key", "environment"], ["LIMIT", 1]]
  ↳ bin/rails:9
  [1m[35m (0.0ms)[0m  [1m[36mbegin transaction[0m
  ↳ bin/rails:9
  [1m[36mActiveRecord::InternalMetadata Create (0.5ms)[0m  [1m[32mINSERT INTO "ar_internal_metadata" ("key", "value", "created_at", "updated_at") VALUES (?, ?, ?, ?)[0m  [["key", "environment"], ["value", "development"], ["created_at", "2019-10-14 16:20:42.589040"], ["updated_at", "2019-10-14 16:20:42.589040"]]
  ↳ bin/rails:9
  [1m[35m (3.3ms)[0m  [1m[36mcommit transaction[0m
  ↳ bin/rails:9
  [1m[35m (0.1ms)[0m  [1m[34mSELECT "schema_migrations"."version" FROM "schema_migrations" ORDER BY "schema_migrations"."version" ASC[0m
  ↳ bin/rails:9
Started GET "/" for 127.0.0.1 at 2019-10-14 22:34:26 +0530
  [1m[35m (0.8ms)[0m  [1m[34mSELECT "schema_migrations"."version" FROM "schema_migrations" ORDER BY "schema_migrations"."version" ASC[0m
  ↳ /home/vulli/.rvm/gems/ruby-2.6.3/gems/activerecord-5.2.3/lib/active_record/log_subscriber.rb:98
Processing by StaticPagesController#index as HTML
  Rendering static_pages/index.html.erb within layouts/application
  Rendered static_pages/index.html.erb within layouts/application (0.8ms)
Completed 200 OK in 14749ms (Views: 14738.5ms | ActiveRecord: 0.0ms)


Started GET "/" for 127.0.0.1 at 2019-10-14 22:34:43 +0530
Processing by StaticPagesController#index as HTML
  Rendering static_pages/index.html.erb within layouts/application
  Rendered static_pages/index.html.erb within layouts/application (0.4ms)
Completed 200 OK in 66ms (Views: 64.4ms | ActiveRecord: 0.0ms)


Started GET "/users/sign_in" for 127.0.0.1 at 2019-10-14 22:34:45 +0530
Processing by Devise::SessionsController#new as HTML
  Rendering /home/vulli/.rvm/gems/ruby-2.6.3/gems/devise-4.7.1/app/views/devise/sessions/new.html.erb within layouts/application
  Rendered /home/vulli/.rvm/gems/ruby-2.6.3/gems/devise-4.7.1/app/views/devise/shared/_links.html.erb (0.7ms)
  Rendered /home/vulli/.rvm/gems/ruby-2.6.3/gems/devise-4.7.1/app/views/devise/sessions/new.html.erb within layouts/application (12.2ms)
Completed 200 OK in 72ms (Views: 61.1ms | ActiveRecord: 0.6ms)


Started POST "/users/sign_in" for 127.0.0.1 at 2019-10-14 22:34:48 +0530
Processing by Devise::SessionsController#create as HTML
  Parameters: {"utf8"=>"✓", "authenticity_token"=>"F0YWKF32DNa2pe3ONyzRBHP801eTnqunMbSwrZRdiTIkhi3UGPLbR04VyVuHcCh2CfWNlEFSKj9qv+N8LX0Rzg==", "user"=>{"email"=>"raghuvulli@gmail.com", "password"=>"[FILTERED]", "remember_me"=>"0"}, "commit"=>"Log in"}
  [1m[36mUser Load (5.6ms)[0m  [1m[34mSELECT  "users".* FROM "users" WHERE "users"."email" = ? ORDER BY "users"."id" ASC LIMIT ?[0m  [["email", "raghuvulli@gmail.com"], ["LIMIT", 1]]
  ↳ /home/vulli/.rvm/gems/ruby-2.6.3/gems/activerecord-5.2.3/lib/active_record/log_subscriber.rb:98
Completed 401 Unauthorized in 14ms (ActiveRecord: 5.6ms)


Processing by Devise::SessionsController#new as HTML
  Parameters: {"utf8"=>"✓", "authenticity_token"=>"F0YWKF32DNa2pe3ONyzRBHP801eTnqunMbSwrZRdiTIkhi3UGPLbR04VyVuHcCh2CfWNlEFSKj9qv+N8LX0Rzg==", "user"=>{"email"=>"raghuvulli@gmail.com", "password"=>"[FILTERED]", "remember_me"=>"0"}, "commit"=>"Log in"}
  Rendering /home/vulli/.rvm/gems/ruby-2.6.3/gems/devise-4.7.1/app/views/devise/sessions/new.html.erb within layouts/application
  Rendered /home/vulli/.rvm/gems/ruby-2.6.3/gems/devise-4.7.1/app/views/devise/shared/_links.html.erb (5.3ms)
  Rendered /home/vulli/.rvm/gems/ruby-2.6.3/gems/devise-4.7.1/app/views/devise/sessions/new.html.erb within layouts/application (8.5ms)
Completed 200 OK in 336ms (Views: 95.8ms | ActiveRecord: 0.0ms)


Started GET "/users/sign_up" for 127.0.0.1 at 2019-10-14 22:36:06 +0530
Processing by Devise::RegistrationsController#new as HTML
  Rendering /home/vulli/.rvm/gems/ruby-2.6.3/gems/devise-4.7.1/app/views/devise/registrations/new.html.erb within layouts/application
  Rendered /home/vulli/.rvm/gems/ruby-2.6.3/gems/devise-4.7.1/app/views/devise/shared/_error_messages.html.erb (0.4ms)
  Rendered /home/vulli/.rvm/gems/ruby-2.6.3/gems/devise-4.7.1/app/views/devise/shared/_links.html.erb (1.5ms)
  Rendered /home/vulli/.rvm/gems/ruby-2.6.3/gems/devise-4.7.1/app/views/devise/registrations/new.html.erb within layouts/application (15.4ms)
Completed 200 OK in 115ms (Views: 113.5ms | ActiveRecord: 0.0ms)


Started POST "/users" for 127.0.0.1 at 2019-10-14 22:36:16 +0530
Processing by Devise::RegistrationsController#create as HTML
  Parameters: {"utf8"=>"✓", "authenticity_token"=>"ymZF6pBW//swTgnc1AdGtWPlkQlrx1vBIXBQcXJEiVE+5RnWx0Bb+lOXxqYn6jf/7be/2gASUjOne8+l0HHhsA==", "user"=>{"email"=>"raghuvulli@gmail.com", "password"=>"[FILTERED]", "password_confirmation"=>"[FILTERED]"}, "commit"=>"Sign up"}
  [1m[35m (0.1ms)[0m  [1m[36mbegin transaction[0m
  ↳ /home/vulli/.rvm/gems/ruby-2.6.3/gems/activerecord-5.2.3/lib/active_record/log_subscriber.rb:98
  [1m[36mUser Exists (4.2ms)[0m  [1m[34mSELECT  1 AS one FROM "users" WHERE "users"."email" = ? LIMIT ?[0m  [["email", "raghuvulli@gmail.com"], ["LIMIT", 1]]
  ↳ /home/vulli/.rvm/gems/ruby-2.6.3/gems/activerecord-5.2.3/lib/active_record/log_subscriber.rb:98
  [1m[36mUser Create (2.7ms)[0m  [1m[32mINSERT INTO "users" ("email", "encrypted_password", "created_at", "updated_at") VALUES (?, ?, ?, ?)[0m  [["email", "raghuvulli@gmail.com"], ["encrypted_password", "$2a$11$KxXtga2NK2gza06uBv1qY.ddJ52sMOitFbvyDY20h2CLYg2/csEe."], ["created_at", "2019-10-14 17:06:16.928692"], ["updated_at", "2019-10-14 17:06:16.928692"]]
  ↳ /home/vulli/.rvm/gems/ruby-2.6.3/gems/activerecord-5.2.3/lib/active_record/log_subscriber.rb:98
  [1m[35m (3.3ms)[0m  [1m[36mcommit transaction[0m
  ↳ /home/vulli/.rvm/gems/ruby-2.6.3/gems/activerecord-5.2.3/lib/active_record/log_subscriber.rb:98
Redirected to http://localhost:3000/
Completed 302 Found in 257ms (ActiveRecord: 10.2ms)


Started GET "/" for 127.0.0.1 at 2019-10-14 22:36:16 +0530
Processing by StaticPagesController#index as HTML
  Rendering static_pages/index.html.erb within layouts/application
  Rendered static_pages/index.html.erb within layouts/application (0.2ms)
  [1m[36mUser Load (0.2ms)[0m  [1m[34mSELECT  "users".* FROM "users" WHERE "users"."id" = ? ORDER BY "users"."id" ASC LIMIT ?[0m  [["id", 1], ["LIMIT", 1]]
  ↳ app/views/layouts/application.html.erb:20
Completed 200 OK in 40ms (Views: 39.1ms | ActiveRecord: 0.2ms)


  [1m[36mUser Load (0.3ms)[0m  [1m[34mSELECT  "users".* FROM "users" ORDER BY "users"."id" DESC LIMIT ?[0m  [["LIMIT", 1]]
  [1m[35m (0.1ms)[0m  [1m[36mbegin transaction[0m
  [1m[36mUser Update (1.1ms)[0m  [1m[33mUPDATE "users" SET "updated_at" = ?, "admin" = ? WHERE "users"."id" = ?[0m  [["updated_at", "2019-10-14 17:07:09.385100"], ["admin", 1], ["id", 1]]
  [1m[35m (13.1ms)[0m  [1m[36mcommit transaction[0m
Started GET "/departments" for 127.0.0.1 at 2019-10-14 22:37:29 +0530
  [1m[35m (0.1ms)[0m  [1m[34mSELECT "schema_migrations"."version" FROM "schema_migrations" ORDER BY "schema_migrations"."version" ASC[0m
  ↳ /home/vulli/.rvm/gems/ruby-2.6.3/gems/activerecord-5.2.3/lib/active_record/log_subscriber.rb:98
Processing by DepartmentsController#index as HTML
  [1m[36mUser Load (0.1ms)[0m  [1m[34mSELECT  "users".* FROM "users" WHERE "users"."id" = ? ORDER BY "users"."id" ASC LIMIT ?[0m  [["id", 1], ["LIMIT", 1]]
  ↳ /home/vulli/.rvm/gems/ruby-2.6.3/gems/activerecord-5.2.3/lib/active_record/log_subscriber.rb:98
  Rendering departments/index.html.erb within layouts/application
  [1m[36mDepartment Load (3.5ms)[0m  [1m[34mSELECT "departments".* FROM "departments"[0m
  ↳ app/views/departments/index.html.erb:15
  Rendered departments/index.html.erb within layouts/application (5.4ms)
Completed 200 OK in 534ms (Views: 467.4ms | ActiveRecord: 4.1ms)


Started DELETE "/users/sign_out" for 127.0.0.1 at 2019-10-14 22:37:35 +0530
Processing by Devise::SessionsController#destroy as HTML
  Parameters: {"authenticity_token"=>"FfEyCwks6Si0BGzXdlwj2X2OzIoFz3dKJ0+PjwvX6PLVH37PDcFCeQ+2pdTRwu6TEETfinugx9Nr2RJMJpLEUQ=="}
  [1m[36mUser Load (0.2ms)[0m  [1m[34mSELECT  "users".* FROM "users" WHERE "users"."id" = ? ORDER BY "users"."id" ASC LIMIT ?[0m  [["id", 1], ["LIMIT", 1]]
  ↳ /home/vulli/.rvm/gems/ruby-2.6.3/gems/activerecord-5.2.3/lib/active_record/log_subscriber.rb:98
  [1m[35m (0.0ms)[0m  [1m[36mbegin transaction[0m
  ↳ /home/vulli/.rvm/gems/ruby-2.6.3/gems/activerecord-5.2.3/lib/active_record/log_subscriber.rb:98
  [1m[35m (0.0ms)[0m  [1m[36mcommit transaction[0m
  ↳ /home/vulli/.rvm/gems/ruby-2.6.3/gems/activerecord-5.2.3/lib/active_record/log_subscriber.rb:98
Redirected to http://localhost:3000/
Completed 302 Found in 12ms (ActiveRecord: 0.3ms)


Started GET "/" for 127.0.0.1 at 2019-10-14 22:37:35 +0530
Processing by StaticPagesController#index as HTML
  Rendering static_pages/index.html.erb within layouts/application
  Rendered static_pages/index.html.erb within layouts/application (0.3ms)
Completed 200 OK in 46ms (Views: 45.8ms | ActiveRecord: 0.0ms)


Started GET "/users/sign_in" for 127.0.0.1 at 2019-10-14 22:37:37 +0530
Processing by Devise::SessionsController#new as HTML
  Rendering /home/vulli/.rvm/gems/ruby-2.6.3/gems/devise-4.7.1/app/views/devise/sessions/new.html.erb within layouts/application
  Rendered /home/vulli/.rvm/gems/ruby-2.6.3/gems/devise-4.7.1/app/views/devise/shared/_links.html.erb (2.4ms)
  Rendered /home/vulli/.rvm/gems/ruby-2.6.3/gems/devise-4.7.1/app/views/devise/sessions/new.html.erb within layouts/application (14.5ms)
Completed 200 OK in 56ms (Views: 52.8ms | ActiveRecord: 0.0ms)


Started POST "/users/sign_in" for 127.0.0.1 at 2019-10-14 22:37:39 +0530
Processing by Devise::SessionsController#create as HTML
  Parameters: {"utf8"=>"✓", "authenticity_token"=>"9AHTCijOYbGmgK+0zgOrhAOuaWFAimYH2BYhq2rm8FH136AkJMFr/PQSs0AdK5iSDF5ZD2JGUzqcdfoUj0CLrA==", "user"=>{"email"=>"raghuvulli@gmail.com", "password"=>"[FILTERED]", "remember_me"=>"0"}, "commit"=>"Log in"}
  [1m[36mUser Load (0.2ms)[0m  [1m[34mSELECT  "users".* FROM "users" WHERE "users"."email" = ? ORDER BY "users"."id" ASC LIMIT ?[0m  [["email", "raghuvulli@gmail.com"], ["LIMIT", 1]]
  ↳ /home/vulli/.rvm/gems/ruby-2.6.3/gems/activerecord-5.2.3/lib/active_record/log_subscriber.rb:98
Redirected to http://localhost:3000/
Completed 302 Found in 233ms (ActiveRecord: 0.2ms)


Started GET "/" for 127.0.0.1 at 2019-10-14 22:37:39 +0530
Processing by StaticPagesController#index as HTML
  Rendering static_pages/index.html.erb within layouts/application
  Rendered static_pages/index.html.erb within layouts/application (0.2ms)
  [1m[36mUser Load (0.1ms)[0m  [1m[34mSELECT  "users".* FROM "users" WHERE "users"."id" = ? ORDER BY "users"."id" ASC LIMIT ?[0m  [["id", 1], ["LIMIT", 1]]
  ↳ app/views/layouts/application.html.erb:20
Completed 200 OK in 54ms (Views: 51.0ms | ActiveRecord: 0.1ms)


Started GET "/departments" for 127.0.0.1 at 2019-10-14 22:37:41 +0530
Processing by DepartmentsController#index as HTML
  [1m[36mUser Load (0.3ms)[0m  [1m[34mSELECT  "users".* FROM "users" WHERE "users"."id" = ? ORDER BY "users"."id" ASC LIMIT ?[0m  [["id", 1], ["LIMIT", 1]]
  ↳ /home/vulli/.rvm/gems/ruby-2.6.3/gems/activerecord-5.2.3/lib/active_record/log_subscriber.rb:98
  Rendering departments/index.html.erb within layouts/application
  [1m[36mDepartment Load (0.2ms)[0m  [1m[34mSELECT "departments".* FROM "departments"[0m
  ↳ app/views/departments/index.html.erb:15
  Rendered departments/index.html.erb within layouts/application (2.8ms)
Completed 200 OK in 71ms (Views: 69.1ms | ActiveRecord: 0.4ms)


Started GET "/sections" for 127.0.0.1 at 2019-10-14 22:37:42 +0530
Processing by SectionsController#index as HTML
  [1m[36mUser Load (0.1ms)[0m  [1m[34mSELECT  "users".* FROM "users" WHERE "users"."id" = ? ORDER BY "users"."id" ASC LIMIT ?[0m  [["id", 1], ["LIMIT", 1]]
  ↳ /home/vulli/.rvm/gems/ruby-2.6.3/gems/activerecord-5.2.3/lib/active_record/log_subscriber.rb:98
  Rendering sections/index.html.erb within layouts/application
  [1m[36mSection Load (3.5ms)[0m  [1m[34mSELECT "sections".* FROM "sections"[0m
  ↳ app/views/sections/index.html.erb:15
  Rendered sections/index.html.erb within layouts/application (5.1ms)
Completed 200 OK in 55ms (Views: 43.8ms | ActiveRecord: 3.8ms)


Started GET "/students" for 127.0.0.1 at 2019-10-14 22:37:42 +0530
Processing by StudentsController#index as HTML
  [1m[36mUser Load (0.1ms)[0m  [1m[34mSELECT  "users".* FROM "users" WHERE "users"."id" = ? ORDER BY "users"."id" ASC LIMIT ?[0m  [["id", 1], ["LIMIT", 1]]
  ↳ /home/vulli/.rvm/gems/ruby-2.6.3/gems/activerecord-5.2.3/lib/active_record/log_subscriber.rb:98
  Rendering students/index.html.erb within layouts/application
  [1m[36mStudent Load (0.1ms)[0m  [1m[34mSELECT "students".* FROM "students"[0m
  ↳ app/views/students/index.html.erb:15
  Rendered students/index.html.erb within layouts/application (2.1ms)
Completed 200 OK in 56ms (Views: 50.8ms | ActiveRecord: 0.4ms)


Started DELETE "/users/sign_out" for 127.0.0.1 at 2019-10-14 22:37:44 +0530
Processing by Devise::SessionsController#destroy as HTML
  Parameters: {"authenticity_token"=>"IijdBPO7GUs2xrYHnJdjfA+u4lJoHgFnMEcfzf949NDaiSmMlg6URi/9xaABF84t1N9CjPRe+dB79f/nVJNjCg=="}
  [1m[36mUser Load (0.1ms)[0m  [1m[34mSELECT  "users".* FROM "users" WHERE "users"."id" = ? ORDER BY "users"."id" ASC LIMIT ?[0m  [["id", 1], ["LIMIT", 1]]
  ↳ /home/vulli/.rvm/gems/ruby-2.6.3/gems/activerecord-5.2.3/lib/active_record/log_subscriber.rb:98
  [1m[35m (0.0ms)[0m  [1m[36mbegin transaction[0m
  ↳ /home/vulli/.rvm/gems/ruby-2.6.3/gems/activerecord-5.2.3/lib/active_record/log_subscriber.rb:98
  [1m[35m (0.1ms)[0m  [1m[36mcommit transaction[0m
  ↳ /home/vulli/.rvm/gems/ruby-2.6.3/gems/activerecord-5.2.3/lib/active_record/log_subscriber.rb:98
Redirected to http://localhost:3000/
Completed 302 Found in 6ms (ActiveRecord: 0.2ms)


Started GET "/" for 127.0.0.1 at 2019-10-14 22:37:44 +0530
Processing by StaticPagesController#index as HTML
  Rendering static_pages/index.html.erb within layouts/application
  Rendered static_pages/index.html.erb within layouts/application (0.2ms)
Completed 200 OK in 41ms (Views: 40.7ms | ActiveRecord: 0.0ms)


