Started GET "/" for ::1 at 2019-09-14 21:25:02 +0530
Processing by Rails::WelcomeController#index as HTML
  Rendering C:/Ruby26-x64/lib/ruby/gems/2.6.0/gems/railties-5.2.3/lib/rails/templates/rails/welcome/index.html.erb
  Rendered C:/Ruby26-x64/lib/ruby/gems/2.6.0/gems/railties-5.2.3/lib/rails/templates/rails/welcome/index.html.erb (6.3ms)
Completed 200 OK in 40ms (Views: 25.3ms | ActiveRecord: 0.0ms)


  [1m[35m (0.1ms)[0m  [1m[34mSELECT sqlite_version(*)[0m
  ↳ C:/Ruby26-x64/bin/rake:31
  [1m[35m (577.9ms)[0m  [1m[35mCREATE TABLE "schema_migrations" ("version" varchar NOT NULL PRIMARY KEY)[0m
  ↳ C:/Ruby26-x64/bin/rake:31
  [1m[35m (78.4ms)[0m  [1m[35mCREATE TABLE "ar_internal_metadata" ("key" varchar NOT NULL PRIMARY KEY, "value" varchar, "created_at" datetime NOT NULL, "updated_at" datetime NOT NULL)[0m
  ↳ C:/Ruby26-x64/bin/rake:31
  [1m[35m (0.1ms)[0m  [1m[34mSELECT "schema_migrations"."version" FROM "schema_migrations" ORDER BY "schema_migrations"."version" ASC[0m
  ↳ C:/Ruby26-x64/bin/rake:31
Migrating to CreateDepartments (20190914161710)
  [1m[35m (0.0ms)[0m  [1m[36mbegin transaction[0m
  ↳ C:/Ruby26-x64/bin/rake:31
  [1m[35m (1.2ms)[0m  [1m[35mCREATE TABLE "departments" ("id" integer PRIMARY KEY AUTOINCREMENT NOT NULL, "name" varchar, "created_at" datetime NOT NULL, "updated_at" datetime NOT NULL)[0m
  ↳ db/migrate/20190914161710_create_departments.rb:3
  [1m[36mActiveRecord::SchemaMigration Create (0.2ms)[0m  [1m[32mINSERT INTO "schema_migrations" ("version") VALUES (?)[0m  [["version", "20190914161710"]]
  ↳ C:/Ruby26-x64/bin/rake:31
  [1m[35m (88.9ms)[0m  [1m[36mcommit transaction[0m
  ↳ C:/Ruby26-x64/bin/rake:31
  [1m[36mActiveRecord::InternalMetadata Load (0.5ms)[0m  [1m[34mSELECT  "ar_internal_metadata".* FROM "ar_internal_metadata" WHERE "ar_internal_metadata"."key" = ? LIMIT ?[0m  [["key", "environment"], ["LIMIT", 1]]
  ↳ C:/Ruby26-x64/bin/rake:31
  [1m[35m (0.1ms)[0m  [1m[36mbegin transaction[0m
  ↳ C:/Ruby26-x64/bin/rake:31
  [1m[36mActiveRecord::InternalMetadata Create (1.3ms)[0m  [1m[32mINSERT INTO "ar_internal_metadata" ("key", "value", "created_at", "updated_at") VALUES (?, ?, ?, ?)[0m  [["key", "environment"], ["value", "development"], ["created_at", "2019-09-14 16:17:57.308286"], ["updated_at", "2019-09-14 16:17:57.308286"]]
  ↳ C:/Ruby26-x64/bin/rake:31
  [1m[35m (82.6ms)[0m  [1m[36mcommit transaction[0m
  ↳ C:/Ruby26-x64/bin/rake:31
  [1m[35m (0.5ms)[0m  [1m[34mSELECT "schema_migrations"."version" FROM "schema_migrations" ORDER BY "schema_migrations"."version" ASC[0m
  ↳ C:/Ruby26-x64/bin/rake:31
  [1m[36mDepartment Load (2.7ms)[0m  [1m[34mSELECT  "departments".* FROM "departments" LIMIT ?[0m  [["LIMIT", 11]]
  [1m[35m (0.1ms)[0m  [1m[34mSELECT "schema_migrations"."version" FROM "schema_migrations" ORDER BY "schema_migrations"."version" ASC[0m
  ↳ C:/Ruby26-x64/bin/rake:31
Migrating to CreateSections (20190914171633)
  [1m[35m (0.0ms)[0m  [1m[36mbegin transaction[0m
  ↳ C:/Ruby26-x64/bin/rake:31
  [1m[35m (0.1ms)[0m  [1m[34mSELECT sqlite_version(*)[0m
  ↳ db/migrate/20190914171633_create_sections.rb:3
  [1m[35m (5.0ms)[0m  [1m[35mCREATE TABLE "sections" ("id" integer PRIMARY KEY AUTOINCREMENT NOT NULL, "name" varchar, "created_at" datetime NOT NULL, "updated_at" datetime NOT NULL)[0m
  ↳ db/migrate/20190914171633_create_sections.rb:3
  [1m[36mActiveRecord::SchemaMigration Create (0.2ms)[0m  [1m[32mINSERT INTO "schema_migrations" ("version") VALUES (?)[0m  [["version", "20190914171633"]]
  ↳ C:/Ruby26-x64/bin/rake:31
  [1m[35m (85.7ms)[0m  [1m[36mcommit transaction[0m
  ↳ C:/Ruby26-x64/bin/rake:31
  [1m[36mActiveRecord::InternalMetadata Load (0.1ms)[0m  [1m[34mSELECT  "ar_internal_metadata".* FROM "ar_internal_metadata" WHERE "ar_internal_metadata"."key" = ? LIMIT ?[0m  [["key", "environment"], ["LIMIT", 1]]
  ↳ C:/Ruby26-x64/bin/rake:31
  [1m[35m (0.0ms)[0m  [1m[36mbegin transaction[0m
  ↳ C:/Ruby26-x64/bin/rake:31
  [1m[35m (0.0ms)[0m  [1m[36mcommit transaction[0m
  ↳ C:/Ruby26-x64/bin/rake:31
  [1m[35m (0.1ms)[0m  [1m[34mSELECT "schema_migrations"."version" FROM "schema_migrations" ORDER BY "schema_migrations"."version" ASC[0m
  ↳ C:/Ruby26-x64/bin/rake:31
  [1m[35m (0.1ms)[0m  [1m[34mSELECT "schema_migrations"."version" FROM "schema_migrations" ORDER BY "schema_migrations"."version" ASC[0m
  ↳ C:/Ruby26-x64/bin/rake:31
Migrating to AddDepartmentToSection (20190914171719)
  [1m[35m (0.0ms)[0m  [1m[36mbegin transaction[0m
  ↳ C:/Ruby26-x64/bin/rake:31
  [1m[35m (1.3ms)[0m  [1m[35mALTER TABLE "sections" ADD "department_id" integer[0m
  ↳ db/migrate/20190914171719_add_department_to_section.rb:3
  [1m[36mActiveRecord::SchemaMigration Create (0.1ms)[0m  [1m[32mINSERT INTO "schema_migrations" ("version") VALUES (?)[0m  [["version", "20190914171719"]]
  ↳ C:/Ruby26-x64/bin/rake:31
  [1m[35m (261.6ms)[0m  [1m[36mcommit transaction[0m
  ↳ C:/Ruby26-x64/bin/rake:31
  [1m[36mActiveRecord::InternalMetadata Load (0.2ms)[0m  [1m[34mSELECT  "ar_internal_metadata".* FROM "ar_internal_metadata" WHERE "ar_internal_metadata"."key" = ? LIMIT ?[0m  [["key", "environment"], ["LIMIT", 1]]
  ↳ C:/Ruby26-x64/bin/rake:31
  [1m[35m (0.0ms)[0m  [1m[36mbegin transaction[0m
  ↳ C:/Ruby26-x64/bin/rake:31
  [1m[35m (0.0ms)[0m  [1m[36mcommit transaction[0m
  ↳ C:/Ruby26-x64/bin/rake:31
  [1m[35m (0.1ms)[0m  [1m[34mSELECT "schema_migrations"."version" FROM "schema_migrations" ORDER BY "schema_migrations"."version" ASC[0m
  ↳ C:/Ruby26-x64/bin/rake:31
  [1m[36mDepartment Load (2.5ms)[0m  [1m[34mSELECT  "departments".* FROM "departments" LIMIT ?[0m  [["LIMIT", 11]]
  [1m[35m (0.1ms)[0m  [1m[36mbegin transaction[0m
  [1m[36mDepartment Create (290.6ms)[0m  [1m[32mINSERT INTO "departments" ("name", "created_at", "updated_at") VALUES (?, ?, ?)[0m  [["name", "CSE"], ["created_at", "2019-09-14 17:20:44.229810"], ["updated_at", "2019-09-14 17:20:44.229810"]]
  [1m[35m (180.7ms)[0m  [1m[36mcommit transaction[0m
  [1m[36mDepartment Load (0.3ms)[0m  [1m[34mSELECT  "departments".* FROM "departments" LIMIT ?[0m  [["LIMIT", 11]]
  [1m[35m (0.1ms)[0m  [1m[36mbegin transaction[0m
  [1m[36mSection Create (287.6ms)[0m  [1m[32mINSERT INTO "sections" ("name", "created_at", "updated_at", "department_id") VALUES (?, ?, ?, ?)[0m  [["name", "A02"], ["created_at", "2019-09-14 17:23:51.012748"], ["updated_at", "2019-09-14 17:23:51.012748"], ["department_id", 1]]
  [1m[35m (134.1ms)[0m  [1m[36mcommit transaction[0m
  [1m[35m (0.1ms)[0m  [1m[36mbegin transaction[0m
  [1m[36mSection Create (289.8ms)[0m  [1m[32mINSERT INTO "sections" ("name", "created_at", "updated_at", "department_id") VALUES (?, ?, ?, ?)[0m  [["name", "A01"], ["created_at", "2019-09-14 17:24:34.590358"], ["updated_at", "2019-09-14 17:24:34.590358"], ["department_id", 1]]
  [1m[35m (145.0ms)[0m  [1m[36mcommit transaction[0m
  [1m[36mDepartment Load (0.3ms)[0m  [1m[34mSELECT  "departments".* FROM "departments" WHERE "departments"."id" = ? LIMIT ?[0m  [["id", 1], ["LIMIT", 1]]
  [1m[36mDepartment Load (0.3ms)[0m  [1m[34mSELECT  "departments".* FROM "departments" WHERE "departments"."id" = ? LIMIT ?[0m  [["id", 1], ["LIMIT", 1]]
  [1m[36mDepartment Load (0.3ms)[0m  [1m[34mSELECT  "departments".* FROM "departments" WHERE "departments"."id" = ? LIMIT ?[0m  [["id", 1], ["LIMIT", 1]]
  [1m[36mSection Load (0.1ms)[0m  [1m[34mSELECT  "sections".* FROM "sections" WHERE "sections"."department_id" = ? LIMIT ?[0m  [["department_id", 1], ["LIMIT", 11]]
  [1m[35m (0.1ms)[0m  [1m[36mbegin transaction[0m
  [1m[36mSection Load (0.2ms)[0m  [1m[34mSELECT "sections".* FROM "sections" WHERE "sections"."department_id" = ?[0m  [["department_id", 1]]
  [1m[36mSection Destroy (293.1ms)[0m  [1m[31mDELETE FROM "sections" WHERE "sections"."id" = ?[0m  [["id", 1]]
  [1m[36mSection Destroy (0.3ms)[0m  [1m[31mDELETE FROM "sections" WHERE "sections"."id" = ?[0m  [["id", 2]]
  [1m[36mDepartment Destroy (0.1ms)[0m  [1m[31mDELETE FROM "departments" WHERE "departments"."id" = ?[0m  [["id", 1]]
  [1m[35m (155.7ms)[0m  [1m[36mcommit transaction[0m
  [1m[35m (0.1ms)[0m  [1m[36mbegin transaction[0m
  [1m[36mDepartment Create (301.6ms)[0m  [1m[32mINSERT INTO "departments" ("name", "created_at", "updated_at") VALUES (?, ?, ?)[0m  [["name", "CSE"], ["created_at", "2019-09-14 17:29:48.773543"], ["updated_at", "2019-09-14 17:29:48.773543"]]
  [1m[35m (240.6ms)[0m  [1m[36mcommit transaction[0m
  [1m[35m (0.1ms)[0m  [1m[36mbegin transaction[0m
  [1m[36mSection Create (1.0ms)[0m  [1m[32mINSERT INTO "sections" ("name", "created_at", "updated_at", "department_id") VALUES (?, ?, ?, ?)[0m  [["name", "A02"], ["created_at", "2019-09-14 17:30:25.690282"], ["updated_at", "2019-09-14 17:30:25.690282"], ["department_id", 1]]
  [1m[35m (155.1ms)[0m  [1m[36mcommit transaction[0m
  [1m[35m (0.1ms)[0m  [1m[36mbegin transaction[0m
  [1m[36mSection Create (1.2ms)[0m  [1m[32mINSERT INTO "sections" ("name", "created_at", "updated_at", "department_id") VALUES (?, ?, ?, ?)[0m  [["name", "A01"], ["created_at", "2019-09-14 17:30:36.590691"], ["updated_at", "2019-09-14 17:30:36.590691"], ["department_id", 1]]
  [1m[35m (158.7ms)[0m  [1m[36mcommit transaction[0m
  [1m[36mSection Load (0.3ms)[0m  [1m[34mSELECT  "sections".* FROM "sections" WHERE "sections"."department_id" = ? LIMIT ?[0m  [["department_id", 2], ["LIMIT", 11]]
  [1m[36mDepartment Load (0.4ms)[0m  [1m[34mSELECT  "departments".* FROM "departments" ORDER BY "departments"."id" ASC LIMIT ?[0m  [["LIMIT", 1]]
  [1m[36mSection Load (0.3ms)[0m  [1m[34mSELECT  "sections".* FROM "sections" WHERE "sections"."department_id" = ? LIMIT ?[0m  [["department_id", 2], ["LIMIT", 11]]
  [1m[36mDepartment Load (0.3ms)[0m  [1m[34mSELECT  "departments".* FROM "departments" WHERE "departments"."id" = ? LIMIT ?[0m  [["id", 1], ["LIMIT", 1]]
  [1m[36mSection Load (0.2ms)[0m  [1m[34mSELECT  "sections".* FROM "sections" WHERE "sections"."department_id" = ? LIMIT ?[0m  [["department_id", 2], ["LIMIT", 11]]
  [1m[36mSection Load (0.2ms)[0m  [1m[34mSELECT  "sections".* FROM "sections" WHERE "sections"."department_id" = ? LIMIT ?[0m  [["department_id", 2], ["LIMIT", 11]]
  [1m[36mSection Load (0.3ms)[0m  [1m[34mSELECT "sections".* FROM "sections" WHERE "sections"."department_id" = ?[0m  [["department_id", 2]]
  [1m[36mDepartment Load (0.3ms)[0m  [1m[34mSELECT  "departments".* FROM "departments" WHERE "departments"."id" = ? LIMIT ?[0m  [["id", 1], ["LIMIT", 1]]
  [1m[36mDepartment Load (0.2ms)[0m  [1m[34mSELECT  "departments".* FROM "departments" WHERE "departments"."id" = ? LIMIT ?[0m  [["id", 1], ["LIMIT", 1]]
  [1m[36mDepartment Load (0.4ms)[0m  [1m[34mSELECT  "departments".* FROM "departments" LIMIT ?[0m  [["LIMIT", 11]]
  [1m[36mDepartment Load (0.3ms)[0m  [1m[34mSELECT  "departments".* FROM "departments" WHERE "departments"."id" = ? LIMIT ?[0m  [["id", 2], ["LIMIT", 1]]
  [1m[36mSection Load (0.2ms)[0m  [1m[34mSELECT  "sections".* FROM "sections" WHERE "sections"."department_id" = ? LIMIT ?[0m  [["department_id", 2], ["LIMIT", 11]]
  [1m[35m (0.1ms)[0m  [1m[36mbegin transaction[0m
  [1m[36mSection Create (288.3ms)[0m  [1m[32mINSERT INTO "sections" ("name", "created_at", "updated_at", "department_id") VALUES (?, ?, ?, ?)[0m  [["name", "A02"], ["created_at", "2019-09-14 17:36:39.415839"], ["updated_at", "2019-09-14 17:36:39.415839"], ["department_id", 2]]
  [1m[35m (146.0ms)[0m  [1m[36mcommit transaction[0m
  [1m[36mSection Load (0.4ms)[0m  [1m[34mSELECT  "sections".* FROM "sections" LIMIT ?[0m  [["LIMIT", 11]]
  [1m[35m (0.1ms)[0m  [1m[36mbegin transaction[0m
  [1m[36mSection Create (295.7ms)[0m  [1m[32mINSERT INTO "sections" ("name", "created_at", "updated_at", "department_id") VALUES (?, ?, ?, ?)[0m  [["name", "A01"], ["created_at", "2019-09-14 17:37:14.108128"], ["updated_at", "2019-09-14 17:37:14.108128"], ["department_id", 2]]
  [1m[35m (137.3ms)[0m  [1m[36mcommit transaction[0m
  [1m[36mDepartment Load (0.3ms)[0m  [1m[34mSELECT  "departments".* FROM "departments" WHERE "departments"."id" = ? LIMIT ?[0m  [["id", 2], ["LIMIT", 1]]
  [1m[36mDepartment Load (0.3ms)[0m  [1m[34mSELECT  "departments".* FROM "departments" WHERE "departments"."id" = ? LIMIT ?[0m  [["id", 2], ["LIMIT", 1]]
  [1m[36mSection Load (0.3ms)[0m  [1m[34mSELECT  "sections".* FROM "sections" WHERE "sections"."department_id" = ? LIMIT ?[0m  [["department_id", 2], ["LIMIT", 11]]
  [1m[36mSection Load (0.4ms)[0m  [1m[34mSELECT "sections".* FROM "sections" WHERE "sections"."department_id" = ?[0m  [["department_id", 2]]
  [1m[36mSection Load (0.3ms)[0m  [1m[34mSELECT  "sections".* FROM "sections" WHERE "sections"."id" = ? LIMIT ?[0m  [["id", 5], ["LIMIT", 1]]
  [1m[35m (0.1ms)[0m  [1m[36mbegin transaction[0m
  [1m[35m (0.0ms)[0m  [1m[36mcommit transaction[0m
  [1m[35m (0.1ms)[0m  [1m[36mbegin transaction[0m
  [1m[35m (0.0ms)[0m  [1m[36mcommit transaction[0m
  [1m[36mSection Load (0.2ms)[0m  [1m[34mSELECT  "sections".* FROM "sections" WHERE "sections"."id" = ? LIMIT ?[0m  [["id", 5], ["LIMIT", 1]]
  [1m[36mDepartment Load (0.1ms)[0m  [1m[34mSELECT  "departments".* FROM "departments" WHERE "departments"."id" = ? LIMIT ?[0m  [["id", 2], ["LIMIT", 1]]
  [1m[36mDepartment Load (0.4ms)[0m  [1m[34mSELECT  "departments".* FROM "departments" ORDER BY "departments"."id" DESC LIMIT ?[0m  [["LIMIT", 1]]
  [1m[36mDepartment Load (0.1ms)[0m  [1m[34mSELECT  "departments".* FROM "departments" ORDER BY "departments"."id" DESC LIMIT ?[0m  [["LIMIT", 1]]
  [1m[35m (0.1ms)[0m  [1m[36mbegin transaction[0m
  [1m[36mSection Create (294.6ms)[0m  [1m[32mINSERT INTO "sections" ("name", "created_at", "updated_at", "department_id") VALUES (?, ?, ?, ?)[0m  [["name", "A03"], ["created_at", "2019-09-14 17:44:49.249422"], ["updated_at", "2019-09-14 17:44:49.249422"], ["department_id", 2]]
  [1m[35m (139.9ms)[0m  [1m[36mcommit transaction[0m
  [1m[35m (0.2ms)[0m  [1m[34mSELECT "schema_migrations"."version" FROM "schema_migrations" ORDER BY "schema_migrations"."version" ASC[0m
  ↳ C:/Ruby26-x64/bin/rake:31
Migrating to CreateStudents (20190914175419)
  [1m[35m (0.1ms)[0m  [1m[36mbegin transaction[0m
  ↳ C:/Ruby26-x64/bin/rake:31
  [1m[35m (0.1ms)[0m  [1m[34mSELECT sqlite_version(*)[0m
  ↳ db/migrate/20190914175419_create_students.rb:3
  [1m[35m (288.2ms)[0m  [1m[35mCREATE TABLE "students" ("id" integer PRIMARY KEY AUTOINCREMENT NOT NULL, "name" varchar, "email" varchar, "roll_no" varchar, "created_at" datetime NOT NULL, "updated_at" datetime NOT NULL)[0m
  ↳ db/migrate/20190914175419_create_students.rb:3
  [1m[36mActiveRecord::SchemaMigration Create (0.2ms)[0m  [1m[32mINSERT INTO "schema_migrations" ("version") VALUES (?)[0m  [["version", "20190914175419"]]
  ↳ C:/Ruby26-x64/bin/rake:31
  [1m[35m (130.5ms)[0m  [1m[36mcommit transaction[0m
  ↳ C:/Ruby26-x64/bin/rake:31
  [1m[36mActiveRecord::InternalMetadata Load (0.1ms)[0m  [1m[34mSELECT  "ar_internal_metadata".* FROM "ar_internal_metadata" WHERE "ar_internal_metadata"."key" = ? LIMIT ?[0m  [["key", "environment"], ["LIMIT", 1]]
  ↳ C:/Ruby26-x64/bin/rake:31
  [1m[35m (0.0ms)[0m  [1m[36mbegin transaction[0m
  ↳ C:/Ruby26-x64/bin/rake:31
  [1m[35m (0.0ms)[0m  [1m[36mcommit transaction[0m
  ↳ C:/Ruby26-x64/bin/rake:31
  [1m[35m (0.1ms)[0m  [1m[34mSELECT "schema_migrations"."version" FROM "schema_migrations" ORDER BY "schema_migrations"."version" ASC[0m
  ↳ C:/Ruby26-x64/bin/rake:31
  [1m[35m (0.1ms)[0m  [1m[36mbegin transaction[0m
  [1m[36mDepartment Create (286.0ms)[0m  [1m[32mINSERT INTO "departments" ("name", "created_at", "updated_at") VALUES (?, ?, ?)[0m  [["name", "MECH"], ["created_at", "2019-09-15 06:40:27.420522"], ["updated_at", "2019-09-15 06:40:27.420522"]]
  [1m[35m (125.7ms)[0m  [1m[36mcommit transaction[0m
  [1m[35m (0.1ms)[0m  [1m[36mbegin transaction[0m
  [1m[36mSection Create (1.6ms)[0m  [1m[32mINSERT INTO "sections" ("name", "created_at", "updated_at", "department_id") VALUES (?, ?, ?, ?)[0m  [["name", "A"], ["created_at", "2019-09-15 06:40:45.721656"], ["updated_at", "2019-09-15 06:40:45.721656"], ["department_id", 3]]
  [1m[35m (191.5ms)[0m  [1m[36mcommit transaction[0m
  [1m[35m (0.1ms)[0m  [1m[36mbegin transaction[0m
  [1m[36mDepartment Create (291.8ms)[0m  [1m[32mINSERT INTO "departments" ("name", "created_at", "updated_at") VALUES (?, ?, ?)[0m  [["name", "MECH"], ["created_at", "2019-09-15 06:47:21.481873"], ["updated_at", "2019-09-15 06:47:21.481873"]]
  [1m[35m (241.2ms)[0m  [1m[36mcommit transaction[0m
  [1m[35m (0.1ms)[0m  [1m[36mbegin transaction[0m
  [1m[36mSection Create (1.1ms)[0m  [1m[32mINSERT INTO "sections" ("name", "created_at", "updated_at", "department_id") VALUES (?, ?, ?, ?)[0m  [["name", "A"], ["created_at", "2019-09-15 06:47:36.228070"], ["updated_at", "2019-09-15 06:47:36.228070"], ["department_id", 4]]
  [1m[35m (161.9ms)[0m  [1m[36mcommit transaction[0m
  [1m[35m (0.1ms)[0m  [1m[34mSELECT "schema_migrations"."version" FROM "schema_migrations" ORDER BY "schema_migrations"."version" ASC[0m
  ↳ C:/Ruby26-x64/bin/rake:31
Migrating to AddDepartmentAndSectionToStudent (20190914180242)
  [1m[35m (0.1ms)[0m  [1m[36mbegin transaction[0m
  ↳ C:/Ruby26-x64/bin/rake:31
  [1m[35m (291.0ms)[0m  [1m[35mALTER TABLE "students" ADD "department_id" integer[0m
  ↳ db/migrate/20190914180242_add_department_and_section_to_student.rb:3
  [1m[35m (0.8ms)[0m  [1m[35mALTER TABLE "students" ADD "section_id" integer[0m
  ↳ db/migrate/20190914180242_add_department_and_section_to_student.rb:4
  [1m[36mActiveRecord::SchemaMigration Create (0.5ms)[0m  [1m[32mINSERT INTO "schema_migrations" ("version") VALUES (?)[0m  [["version", "20190914180242"]]
  ↳ C:/Ruby26-x64/bin/rake:31
  [1m[35m (139.0ms)[0m  [1m[36mcommit transaction[0m
  ↳ C:/Ruby26-x64/bin/rake:31
  [1m[36mActiveRecord::InternalMetadata Load (0.6ms)[0m  [1m[34mSELECT  "ar_internal_metadata".* FROM "ar_internal_metadata" WHERE "ar_internal_metadata"."key" = ? LIMIT ?[0m  [["key", "environment"], ["LIMIT", 1]]
  ↳ C:/Ruby26-x64/bin/rake:31
  [1m[35m (0.1ms)[0m  [1m[36mbegin transaction[0m
  ↳ C:/Ruby26-x64/bin/rake:31
  [1m[35m (0.1ms)[0m  [1m[36mcommit transaction[0m
  ↳ C:/Ruby26-x64/bin/rake:31
  [1m[35m (0.3ms)[0m  [1m[34mSELECT "schema_migrations"."version" FROM "schema_migrations" ORDER BY "schema_migrations"."version" ASC[0m
  ↳ C:/Ruby26-x64/bin/rake:31
  [1m[35m (0.1ms)[0m  [1m[36mbegin transaction[0m
  [1m[36mDepartment Create (1.5ms)[0m  [1m[32mINSERT INTO "departments" ("name", "created_at", "updated_at") VALUES (?, ?, ?)[0m  [["name", "MECH"], ["created_at", "2019-09-15 06:56:21.834110"], ["updated_at", "2019-09-15 06:56:21.834110"]]
  [1m[35m (243.4ms)[0m  [1m[36mcommit transaction[0m
  [1m[35m (0.1ms)[0m  [1m[36mbegin transaction[0m
  [1m[36mSection Create (1.1ms)[0m  [1m[32mINSERT INTO "sections" ("name", "created_at", "updated_at", "department_id") VALUES (?, ?, ?, ?)[0m  [["name", "A"], ["created_at", "2019-09-15 06:56:32.905868"], ["updated_at", "2019-09-15 06:56:32.905868"], ["department_id", 5]]
  [1m[35m (177.2ms)[0m  [1m[36mcommit transaction[0m
  [1m[35m (0.1ms)[0m  [1m[36mbegin transaction[0m
  [1m[36mStudent Create (1.4ms)[0m  [1m[32mINSERT INTO "students" ("name", "email", "roll_no", "created_at", "updated_at", "department_id", "section_id") VALUES (?, ?, ?, ?, ?, ?, ?)[0m  [["name", "A"], ["email", "asd@email.com"], ["roll_no", "1"], ["created_at", "2019-09-15 06:56:52.710609"], ["updated_at", "2019-09-15 06:56:52.710609"], ["department_id", 5], ["section_id", 10]]
  [1m[35m (228.7ms)[0m  [1m[36mcommit transaction[0m
  [1m[35m (0.1ms)[0m  [1m[36mbegin transaction[0m
  [1m[36mSection Load (0.4ms)[0m  [1m[34mSELECT "sections".* FROM "sections" WHERE "sections"."department_id" = ?[0m  [["department_id", 5]]
  [1m[36mSection Destroy (1.7ms)[0m  [1m[31mDELETE FROM "sections" WHERE "sections"."id" = ?[0m  [["id", 10]]
  [1m[36mDepartment Destroy (0.3ms)[0m  [1m[31mDELETE FROM "departments" WHERE "departments"."id" = ?[0m  [["id", 5]]
  [1m[35m (171.5ms)[0m  [1m[36mcommit transaction[0m
  [1m[36mStudent Load (0.4ms)[0m  [1m[34mSELECT  "students".* FROM "students" WHERE "students"."id" = ? LIMIT ?[0m  [["id", 1], ["LIMIT", 1]]
  [1m[36mSection Load (0.4ms)[0m  [1m[34mSELECT  "sections".* FROM "sections" WHERE "sections"."id" = ? LIMIT ?[0m  [["id", 10], ["LIMIT", 1]]
  [1m[36mStudent Load (0.3ms)[0m  [1m[34mSELECT  "students".* FROM "students" WHERE "students"."id" = ? LIMIT ?[0m  [["id", 1], ["LIMIT", 1]]
  [1m[36mDepartment Load (0.4ms)[0m  [1m[34mSELECT  "departments".* FROM "departments" WHERE "departments"."id" = ? LIMIT ?[0m  [["id", 5], ["LIMIT", 1]]
  [1m[36mStudent Load (0.3ms)[0m  [1m[34mSELECT  "students".* FROM "students" WHERE "students"."id" = ? LIMIT ?[0m  [["id", 1], ["LIMIT", 1]]
  [1m[35m (0.1ms)[0m  [1m[36mbegin transaction[0m
  [1m[35m (0.1ms)[0m  [1m[36mcommit transaction[0m
  [1m[36mStudent Load (0.3ms)[0m  [1m[34mSELECT  "students".* FROM "students" WHERE "students"."id" = ? LIMIT ?[0m  [["id", 1], ["LIMIT", 1]]
  [1m[35m (0.1ms)[0m  [1m[36mbegin transaction[0m
  [1m[36mDepartment Create (291.8ms)[0m  [1m[32mINSERT INTO "departments" ("name", "created_at", "updated_at") VALUES (?, ?, ?)[0m  [["name", "MECH"], ["created_at", "2019-09-15 07:01:13.331393"], ["updated_at", "2019-09-15 07:01:13.331393"]]
  [1m[35m (141.5ms)[0m  [1m[36mcommit transaction[0m
  [1m[35m (0.1ms)[0m  [1m[36mbegin transaction[0m
  [1m[36mSection Create (1.3ms)[0m  [1m[32mINSERT INTO "sections" ("name", "created_at", "updated_at", "department_id") VALUES (?, ?, ?, ?)[0m  [["name", "A"], ["created_at", "2019-09-15 07:01:23.739400"], ["updated_at", "2019-09-15 07:01:23.739400"], ["department_id", 6]]
  [1m[35m (156.8ms)[0m  [1m[36mcommit transaction[0m
  [1m[35m (0.1ms)[0m  [1m[36mbegin transaction[0m
  [1m[36mStudent Create (1.6ms)[0m  [1m[32mINSERT INTO "students" ("name", "email", "roll_no", "created_at", "updated_at", "department_id", "section_id") VALUES (?, ?, ?, ?, ?, ?, ?)[0m  [["name", "A"], ["email", "asd@email.com"], ["roll_no", "1"], ["created_at", "2019-09-15 07:01:38.103103"], ["updated_at", "2019-09-15 07:01:38.103103"], ["department_id", 6], ["section_id", 11]]
  [1m[35m (162.5ms)[0m  [1m[36mcommit transaction[0m
  [1m[35m (0.1ms)[0m  [1m[36mbegin transaction[0m
  [1m[36mSection Load (0.2ms)[0m  [1m[34mSELECT "sections".* FROM "sections" WHERE "sections"."department_id" = ?[0m  [["department_id", 6]]
  [1m[36mSection Destroy (1.4ms)[0m  [1m[31mDELETE FROM "sections" WHERE "sections"."id" = ?[0m  [["id", 11]]
  [1m[36mDepartment Destroy (0.2ms)[0m  [1m[31mDELETE FROM "departments" WHERE "departments"."id" = ?[0m  [["id", 6]]
  [1m[35m (144.1ms)[0m  [1m[36mcommit transaction[0m
  [1m[36mStudent Load (0.3ms)[0m  [1m[34mSELECT  "students".* FROM "students" WHERE "students"."id" = ? LIMIT ?[0m  [["id", 2], ["LIMIT", 1]]
  [1m[35m (0.1ms)[0m  [1m[36mbegin transaction[0m
  [1m[36mDepartment Create (1.3ms)[0m  [1m[32mINSERT INTO "departments" ("name", "created_at", "updated_at") VALUES (?, ?, ?)[0m  [["name", "MECH"], ["created_at", "2019-09-15 07:03:34.646204"], ["updated_at", "2019-09-15 07:03:34.646204"]]
  [1m[35m (150.9ms)[0m  [1m[36mcommit transaction[0m
  [1m[35m (0.1ms)[0m  [1m[36mbegin transaction[0m
  [1m[36mSection Create (1.3ms)[0m  [1m[32mINSERT INTO "sections" ("name", "created_at", "updated_at", "department_id") VALUES (?, ?, ?, ?)[0m  [["name", "A"], ["created_at", "2019-09-15 07:03:46.132547"], ["updated_at", "2019-09-15 07:03:46.132547"], ["department_id", 7]]
  [1m[35m (161.4ms)[0m  [1m[36mcommit transaction[0m
  [1m[35m (0.1ms)[0m  [1m[36mbegin transaction[0m
  [1m[36mStudent Create (1.6ms)[0m  [1m[32mINSERT INTO "students" ("name", "email", "roll_no", "created_at", "updated_at", "department_id", "section_id") VALUES (?, ?, ?, ?, ?, ?, ?)[0m  [["name", "A"], ["email", "asd@email.com"], ["roll_no", "1"], ["created_at", "2019-09-15 07:03:58.628664"], ["updated_at", "2019-09-15 07:03:58.628664"], ["department_id", 7], ["section_id", 12]]
  [1m[35m (82.3ms)[0m  [1m[36mcommit transaction[0m
  [1m[35m (0.1ms)[0m  [1m[36mbegin transaction[0m
  [1m[36mSection Load (0.2ms)[0m  [1m[34mSELECT "sections".* FROM "sections" WHERE "sections"."department_id" = ?[0m  [["department_id", 7]]
  [1m[36mSection Destroy (1.3ms)[0m  [1m[31mDELETE FROM "sections" WHERE "sections"."id" = ?[0m  [["id", 12]]
  [1m[36mStudent Load (0.2ms)[0m  [1m[34mSELECT "students".* FROM "students" WHERE "students"."department_id" = ?[0m  [["department_id", 7]]
  [1m[36mStudent Destroy (0.2ms)[0m  [1m[31mDELETE FROM "students" WHERE "students"."id" = ?[0m  [["id", 3]]
  [1m[36mDepartment Destroy (0.1ms)[0m  [1m[31mDELETE FROM "departments" WHERE "departments"."id" = ?[0m  [["id", 7]]
  [1m[35m (181.6ms)[0m  [1m[36mcommit transaction[0m
  [1m[36mStudent Load (0.4ms)[0m  [1m[34mSELECT  "students".* FROM "students" WHERE "students"."id" = ? LIMIT ?[0m  [["id", 3], ["LIMIT", 1]]
  [1m[35m (0.1ms)[0m  [1m[36mbegin transaction[0m
  [1m[36mDepartment Create (2.1ms)[0m  [1m[32mINSERT INTO "departments" ("name", "created_at", "updated_at") VALUES (?, ?, ?)[0m  [["name", "MECH"], ["created_at", "2019-09-15 07:05:01.039307"], ["updated_at", "2019-09-15 07:05:01.039307"]]
  [1m[35m (158.6ms)[0m  [1m[36mcommit transaction[0m
  [1m[35m (0.1ms)[0m  [1m[36mbegin transaction[0m
  [1m[36mSection Create (1.1ms)[0m  [1m[32mINSERT INTO "sections" ("name", "created_at", "updated_at", "department_id") VALUES (?, ?, ?, ?)[0m  [["name", "A"], ["created_at", "2019-09-15 07:05:11.588450"], ["updated_at", "2019-09-15 07:05:11.588450"], ["department_id", 8]]
  [1m[35m (158.3ms)[0m  [1m[36mcommit transaction[0m
  [1m[35m (0.1ms)[0m  [1m[36mbegin transaction[0m
  [1m[36mStudent Create (1.8ms)[0m  [1m[32mINSERT INTO "students" ("name", "email", "roll_no", "created_at", "updated_at", "department_id", "section_id") VALUES (?, ?, ?, ?, ?, ?, ?)[0m  [["name", "A"], ["email", "asd@email.com"], ["roll_no", "1"], ["created_at", "2019-09-15 07:05:28.882115"], ["updated_at", "2019-09-15 07:05:28.882115"], ["department_id", 8], ["section_id", 13]]
  [1m[35m (164.8ms)[0m  [1m[36mcommit transaction[0m
  [1m[35m (0.1ms)[0m  [1m[36mbegin transaction[0m
  [1m[36mDepartment Create (1.5ms)[0m  [1m[32mINSERT INTO "departments" ("name", "created_at", "updated_at") VALUES (?, ?, ?)[0m  [["name", "MECH"], ["created_at", "2019-09-15 07:06:28.719494"], ["updated_at", "2019-09-15 07:06:28.719494"]]
  [1m[35m (167.3ms)[0m  [1m[36mcommit transaction[0m
  [1m[35m (0.1ms)[0m  [1m[36mbegin transaction[0m
  [1m[36mSection Create (1.4ms)[0m  [1m[32mINSERT INTO "sections" ("name", "created_at", "updated_at", "department_id") VALUES (?, ?, ?, ?)[0m  [["name", "A"], ["created_at", "2019-09-15 07:06:39.081758"], ["updated_at", "2019-09-15 07:06:39.081758"], ["department_id", 9]]
  [1m[35m (162.5ms)[0m  [1m[36mcommit transaction[0m
  [1m[35m (0.1ms)[0m  [1m[36mbegin transaction[0m
  [1m[36mStudent Create (1.6ms)[0m  [1m[32mINSERT INTO "students" ("name", "email", "roll_no", "created_at", "updated_at", "department_id", "section_id") VALUES (?, ?, ?, ?, ?, ?, ?)[0m  [["name", "A"], ["email", "asd@email.com"], ["roll_no", "1"], ["created_at", "2019-09-15 07:06:51.388419"], ["updated_at", "2019-09-15 07:06:51.388419"], ["department_id", 9], ["section_id", 14]]
  [1m[35m (163.3ms)[0m  [1m[36mcommit transaction[0m
  [1m[35m (0.1ms)[0m  [1m[36mbegin transaction[0m
  [1m[36mStudent Load (0.2ms)[0m  [1m[34mSELECT "students".* FROM "students" WHERE "students"."section_id" = ?[0m  [["section_id", 14]]
  [1m[36mStudent Destroy (1.3ms)[0m  [1m[31mDELETE FROM "students" WHERE "students"."id" = ?[0m  [["id", 5]]
  [1m[36mSection Destroy (0.1ms)[0m  [1m[31mDELETE FROM "sections" WHERE "sections"."id" = ?[0m  [["id", 14]]
  [1m[35m (159.3ms)[0m  [1m[36mcommit transaction[0m
  [1m[36mStudent Load (0.4ms)[0m  [1m[34mSELECT  "students".* FROM "students" WHERE "students"."id" = ? LIMIT ?[0m  [["id", 5], ["LIMIT", 1]]
Started GET "/" for ::1 at 2019-09-15 13:23:44 +0530
  [1m[35m (0.4ms)[0m  [1m[34mSELECT "schema_migrations"."version" FROM "schema_migrations" ORDER BY "schema_migrations"."version" ASC[0m
  ↳ C:/Ruby26-x64/lib/ruby/gems/2.6.0/gems/activerecord-5.2.3/lib/active_record/log_subscriber.rb:98
Processing by Rails::WelcomeController#index as HTML
  Rendering C:/Ruby26-x64/lib/ruby/gems/2.6.0/gems/railties-5.2.3/lib/rails/templates/rails/welcome/index.html.erb
  Rendered C:/Ruby26-x64/lib/ruby/gems/2.6.0/gems/railties-5.2.3/lib/rails/templates/rails/welcome/index.html.erb (5.1ms)
Completed 200 OK in 27ms (Views: 17.2ms | ActiveRecord: 0.0ms)


